<?xml version="1.0" encoding="UTF-8"?>
<!-- Generated by org.testng.reporters.JUnitReportReporter -->
<testsuite skipped="0" hostname="RahulKaelsMini2" name="com.torenzosite.qa.testcases.HardwarePageTest" tests="3" failures="0" timestamp="11 Feb 2019 15:01:54 GMT" time="62.455" errors="0">
  <testcase name="verifyHomePageTitle" time="19.458" classname="com.torenzosite.qa.testcases.HardwarePageTest"/>
  <testcase name="verifyHardwarePageTitle" time="23.852" classname="com.torenzosite.qa.testcases.HardwarePageTest"/>
  <testcase name="verifyContactUsPage" time="19.145" classname="com.torenzosite.qa.testcases.HardwarePageTest"/>
</testsuite> <!-- com.torenzosite.qa.testcases.HardwarePageTest -->
