<?xml version="1.0" encoding="UTF-8"?>
<!-- Generated by org.testng.reporters.JUnitReportReporter -->
<testsuite skipped="0" hostname="RahulKaelsMini2" name="practice.RubiqueCC" tests="1" failures="0" timestamp="09 Mar 2019 04:52:46 GMT" time="23.398" errors="0">
  <testcase name="testMethod" time="23.398" classname="practice.RubiqueCC"/>
</testsuite> <!-- practice.RubiqueCC -->
