<?xml version="1.0" encoding="UTF-8"?>
<!-- Generated by org.testng.reporters.JUnitReportReporter -->
<testsuite skipped="0" hostname="RahulKaelsMini2" name="com.torenzosite.qa.testcases.HomePageTest" tests="4" failures="0" timestamp="03 Jan 2019 04:55:49 GMT" time="106.899" errors="0">
  <testcase name="verifyHomePageTitle" time="14.380" classname="com.torenzosite.qa.testcases.HomePageTest"/>
  <testcase name="verifyEmailAddreeField" time="14.614" classname="com.torenzosite.qa.testcases.HomePageTest"/>
  <testcase name="verifyWithEmptyEmailAddreeField" time="40.537" classname="com.torenzosite.qa.testcases.HomePageTest"/>
  <testcase name="verifyWithInvalidEmailAddreeField" time="37.368" classname="com.torenzosite.qa.testcases.HomePageTest"/>
</testsuite> <!-- com.torenzosite.qa.testcases.HomePageTest -->
