<?xml version="1.0" encoding="UTF-8"?>
<!-- Generated by org.testng.reporters.JUnitReportReporter -->
<testsuite skipped="0" hostname="RahulKaelsMini2" name="com.torenzosite.qa.testcases.ContactUsPageTest" tests="1" failures="0" timestamp="24 Jan 2019 12:12:24 GMT" time="15.153" errors="0">
  <testcase name="verifyHomePageTitle" time="15.153" classname="com.torenzosite.qa.testcases.ContactUsPageTest"/>
</testsuite> <!-- com.torenzosite.qa.testcases.ContactUsPageTest -->
