<?xml version="1.0" encoding="UTF-8"?>
<!-- Generated by org.testng.reporters.JUnitReportReporter -->
<testsuite skipped="0" hostname="RahulKaelsMini2" name="com.torenzosite.qa.testcases.TorenzoPOSPageTest" tests="2" failures="0" timestamp="11 Feb 2019 15:01:54 GMT" time="26.515" errors="0">
  <testcase name="verifyHomePageTitle" time="10.912" classname="com.torenzosite.qa.testcases.TorenzoPOSPageTest"/>
  <testcase name="verifyTextFromTorenzoPOSPage" time="15.603" classname="com.torenzosite.qa.testcases.TorenzoPOSPageTest"/>
</testsuite> <!-- com.torenzosite.qa.testcases.TorenzoPOSPageTest -->
