<?xml version="1.0" encoding="UTF-8"?>
<!-- Generated by org.testng.reporters.JUnitReportReporter -->
<testsuite skipped="0" hostname="RahulKaelsMini2" name="com.torenzosite.qa.testcases.ContactUsPageTest" tests="5" failures="0" timestamp="11 Feb 2019 15:01:54 GMT" time="170.862" errors="0">
  <testcase name="verifyHomePageTitle" time="14.532" classname="com.torenzosite.qa.testcases.ContactUsPageTest"/>
  <testcase name="verifyContactPage" time="42.556" classname="com.torenzosite.qa.testcases.ContactUsPageTest"/>
  <testcase name="fillFormToConatctUs" time="27.300" classname="com.torenzosite.qa.testcases.ContactUsPageTest"/>
  <testcase name="fillFormToConatctUsWithEmpty" time="45.720" classname="com.torenzosite.qa.testcases.ContactUsPageTest"/>
  <testcase name="fillFormToConatctUsWithIncorrectEmail" time="40.754" classname="com.torenzosite.qa.testcases.ContactUsPageTest"/>
</testsuite> <!-- com.torenzosite.qa.testcases.ContactUsPageTest -->
